Analysis & Synthesis report for Parque
Mon Apr 26 16:20:04 2021
Quartus Prime Version 17.1.0 Build 590 10/25/2017 SJ Lite Edition


---------------------
; Table of Contents ;
---------------------
  1. Legal Notice
  2. Analysis & Synthesis Summary
  3. Analysis & Synthesis Settings
  4. Parallel Compilation
  5. Analysis & Synthesis Source Files Read
  6. Analysis & Synthesis Resource Usage Summary
  7. Analysis & Synthesis Resource Utilization by Entity
  8. General Register Statistics
  9. Inverted Register Statistics
 10. Multiplexer Restructuring Statistics (Restructuring Performed)
 11. Parameter Settings for User Entity Instance: Ocupacao:OCUP1|Cnt2BCD:inst2
 12. Parameter Settings for User Entity Instance: Ocupacao:OCUP1|Cnt2BCD:inst2|CounterBCDUpDown4:unidades
 13. Parameter Settings for User Entity Instance: Ocupacao:OCUP1|Cnt2BCD:inst2|CounterBCDUpDown4:dezenas
 14. Parameter Settings for User Entity Instance: Freq_Divider:DIV_FREQ
 15. Parameter Settings for User Entity Instance: DebounceUnit:SIN_DBN
 16. Parameter Settings for User Entity Instance: DebounceUnit:SOUT_DBN
 17. Parameter Settings for User Entity Instance: DebounceUnit:RST_DBN
 18. Parameter Settings for User Entity Instance: Acesso:ACESSO1|Temporiza:TEMP1|TimerUnit:ABERTURA
 19. Parameter Settings for User Entity Instance: Acesso:ACESSO1|Temporiza:TEMP1|TimerUnit:FECHO
 20. Parameter Settings for User Entity Instance: Acesso:ACESSO1|Temporiza:TEMP1|TimerUnit:ESPERA
 21. Parameter Settings for User Entity Instance: Acesso:ACESSO1|Prolonga:PROL1|TimerUnit:HALF_CYCLE
 22. Parameter Settings for User Entity Instance: DebounceUnit:CART_DBN
 23. Port Connectivity Checks: "Ocupacao:OCUP1|Cnt2BCD:inst2|CounterBCDUpDown4:dezenas"
 24. Post-Synthesis Netlist Statistics for Top Partition
 25. Elapsed Time Per Partition
 26. Analysis & Synthesis Messages



----------------
; Legal Notice ;
----------------
Copyright (C) 2017  Intel Corporation. All rights reserved.
Your use of Intel Corporation's design tools, logic functions 
and other software and tools, and its AMPP partner logic 
functions, and any output files from any of the foregoing 
(including device programming or simulation files), and any 
associated documentation or information are expressly subject 
to the terms and conditions of the Intel Program License 
Subscription Agreement, the Intel Quartus Prime License Agreement,
the Intel FPGA IP License Agreement, or other applicable license
agreement, including, without limitation, that your use is for
the sole purpose of programming logic devices manufactured by
Intel and sold by Intel or its authorized distributors.  Please
refer to the applicable agreement for further details.



+----------------------------------------------------------------------------------+
; Analysis & Synthesis Summary                                                     ;
+------------------------------------+---------------------------------------------+
; Analysis & Synthesis Status        ; Successful - Mon Apr 26 16:20:03 2021       ;
; Quartus Prime Version              ; 17.1.0 Build 590 10/25/2017 SJ Lite Edition ;
; Revision Name                      ; Parque                                      ;
; Top-level Entity Name              ; Parque                                      ;
; Family                             ; Cyclone IV E                                ;
; Total logic elements               ; 559                                         ;
;     Total combinational functions  ; 555                                         ;
;     Dedicated logic registers      ; 256                                         ;
; Total registers                    ; 256                                         ;
; Total pins                         ; 36                                          ;
; Total virtual pins                 ; 0                                           ;
; Total memory bits                  ; 0                                           ;
; Embedded Multiplier 9-bit elements ; 0                                           ;
; Total PLLs                         ; 0                                           ;
+------------------------------------+---------------------------------------------+


+----------------------------------------------------------------------------------------------------------------------+
; Analysis & Synthesis Settings                                                                                        ;
+----------------------------------------------------------------------------+--------------------+--------------------+
; Option                                                                     ; Setting            ; Default Value      ;
+----------------------------------------------------------------------------+--------------------+--------------------+
; Device                                                                     ; EP4CE115F29C7      ;                    ;
; Top-level entity name                                                      ; Parque             ; Parque             ;
; Family name                                                                ; Cyclone IV E       ; Cyclone V          ;
; Use smart compilation                                                      ; Off                ; Off                ;
; Enable parallel Assembler and TimeQuest Timing Analyzer during compilation ; On                 ; On                 ;
; Enable compact report table                                                ; Off                ; Off                ;
; Restructure Multiplexers                                                   ; Auto               ; Auto               ;
; Create Debugging Nodes for IP Cores                                        ; Off                ; Off                ;
; Preserve fewer node names                                                  ; On                 ; On                 ;
; Intel FPGA IP Evaluation Mode                                              ; Enable             ; Enable             ;
; Verilog Version                                                            ; Verilog_2001       ; Verilog_2001       ;
; VHDL Version                                                               ; VHDL_1993          ; VHDL_1993          ;
; State Machine Processing                                                   ; Auto               ; Auto               ;
; Safe State Machine                                                         ; Off                ; Off                ;
; Extract Verilog State Machines                                             ; On                 ; On                 ;
; Extract VHDL State Machines                                                ; On                 ; On                 ;
; Ignore Verilog initial constructs                                          ; Off                ; Off                ;
; Iteration limit for constant Verilog loops                                 ; 5000               ; 5000               ;
; Iteration limit for non-constant Verilog loops                             ; 250                ; 250                ;
; Add Pass-Through Logic to Inferred RAMs                                    ; On                 ; On                 ;
; Infer RAMs from Raw Logic                                                  ; On                 ; On                 ;
; Parallel Synthesis                                                         ; On                 ; On                 ;
; DSP Block Balancing                                                        ; Auto               ; Auto               ;
; NOT Gate Push-Back                                                         ; On                 ; On                 ;
; Power-Up Don't Care                                                        ; On                 ; On                 ;
; Remove Redundant Logic Cells                                               ; Off                ; Off                ;
; Remove Duplicate Registers                                                 ; On                 ; On                 ;
; Ignore CARRY Buffers                                                       ; Off                ; Off                ;
; Ignore CASCADE Buffers                                                     ; Off                ; Off                ;
; Ignore GLOBAL Buffers                                                      ; Off                ; Off                ;
; Ignore ROW GLOBAL Buffers                                                  ; Off                ; Off                ;
; Ignore LCELL Buffers                                                       ; Off                ; Off                ;
; Ignore SOFT Buffers                                                        ; On                 ; On                 ;
; Limit AHDL Integers to 32 Bits                                             ; Off                ; Off                ;
; Optimization Technique                                                     ; Balanced           ; Balanced           ;
; Carry Chain Length                                                         ; 70                 ; 70                 ;
; Auto Carry Chains                                                          ; On                 ; On                 ;
; Auto Open-Drain Pins                                                       ; On                 ; On                 ;
; Perform WYSIWYG Primitive Resynthesis                                      ; Off                ; Off                ;
; Auto ROM Replacement                                                       ; On                 ; On                 ;
; Auto RAM Replacement                                                       ; On                 ; On                 ;
; Auto DSP Block Replacement                                                 ; On                 ; On                 ;
; Auto Shift Register Replacement                                            ; Auto               ; Auto               ;
; Allow Shift Register Merging across Hierarchies                            ; Auto               ; Auto               ;
; Auto Clock Enable Replacement                                              ; On                 ; On                 ;
; Strict RAM Replacement                                                     ; Off                ; Off                ;
; Allow Synchronous Control Signals                                          ; On                 ; On                 ;
; Force Use of Synchronous Clear Signals                                     ; Off                ; Off                ;
; Auto RAM Block Balancing                                                   ; On                 ; On                 ;
; Auto RAM to Logic Cell Conversion                                          ; Off                ; Off                ;
; Auto Resource Sharing                                                      ; Off                ; Off                ;
; Allow Any RAM Size For Recognition                                         ; Off                ; Off                ;
; Allow Any ROM Size For Recognition                                         ; Off                ; Off                ;
; Allow Any Shift Register Size For Recognition                              ; Off                ; Off                ;
; Use LogicLock Constraints during Resource Balancing                        ; On                 ; On                 ;
; Ignore translate_off and synthesis_off directives                          ; Off                ; Off                ;
; Timing-Driven Synthesis                                                    ; On                 ; On                 ;
; Report Parameter Settings                                                  ; On                 ; On                 ;
; Report Source Assignments                                                  ; On                 ; On                 ;
; Report Connectivity Checks                                                 ; On                 ; On                 ;
; Ignore Maximum Fan-Out Assignments                                         ; Off                ; Off                ;
; Synchronization Register Chain Length                                      ; 2                  ; 2                  ;
; Power Optimization During Synthesis                                        ; Normal compilation ; Normal compilation ;
; HDL message level                                                          ; Level2             ; Level2             ;
; Suppress Register Optimization Related Messages                            ; Off                ; Off                ;
; Number of Removed Registers Reported in Synthesis Report                   ; 5000               ; 5000               ;
; Number of Swept Nodes Reported in Synthesis Report                         ; 5000               ; 5000               ;
; Number of Inverted Registers Reported in Synthesis Report                  ; 100                ; 100                ;
; Clock MUX Protection                                                       ; On                 ; On                 ;
; Auto Gated Clock Conversion                                                ; Off                ; Off                ;
; Block Design Naming                                                        ; Auto               ; Auto               ;
; SDC constraint protection                                                  ; Off                ; Off                ;
; Synthesis Effort                                                           ; Auto               ; Auto               ;
; Shift Register Replacement - Allow Asynchronous Clear Signal               ; On                 ; On                 ;
; Pre-Mapping Resynthesis Optimization                                       ; Off                ; Off                ;
; Analysis & Synthesis Message Level                                         ; Medium             ; Medium             ;
; Disable Register Merging Across Hierarchies                                ; Auto               ; Auto               ;
; Resource Aware Inference For Block RAM                                     ; On                 ; On                 ;
+----------------------------------------------------------------------------+--------------------+--------------------+


+------------------------------------------+
; Parallel Compilation                     ;
+----------------------------+-------------+
; Processors                 ; Number      ;
+----------------------------+-------------+
; Number detected on machine ; 4           ;
; Maximum allowed            ; 2           ;
;                            ;             ;
; Average used               ; 1.00        ;
; Maximum used               ; 2           ;
;                            ;             ;
; Usage by Processor         ; % Time Used ;
;     Processor 1            ; 100.0%      ;
;     Processor 2            ;   0.0%      ;
+----------------------------+-------------+


+------------------------------------------------------------------------------------------------------------------------------------------------------------------------------------------+
; Analysis & Synthesis Source Files Read                                                                                                                                                   ;
+----------------------------------+-----------------+------------------------------------+--------------------------------------------------------------------------------------+---------+
; File Name with User-Entered Path ; Used in Netlist ; File Type                          ; File Name with Absolute Path                                                         ; Library ;
+----------------------------------+-----------------+------------------------------------+--------------------------------------------------------------------------------------+---------+
; TimerUnit.vhd                    ; yes             ; User VHDL File                     ; C:/Users/asilva/Desktop/Aulas/2020_2021/LBSD/TPs/MP/EstudoCaso/TimerUnit.vhd         ;         ;
; Freq_Divider.vhd                 ; yes             ; User VHDL File                     ; C:/Users/asilva/Desktop/Aulas/2020_2021/LBSD/TPs/MP/EstudoCaso/Freq_Divider.vhd      ;         ;
; DebounceUnit.vhd                 ; yes             ; User VHDL File                     ; C:/Users/asilva/Desktop/Aulas/2020_2021/LBSD/TPs/MP/EstudoCaso/DebounceUnit.vhd      ;         ;
; CounterBCDUpDown4.vhd            ; yes             ; User VHDL File                     ; C:/Users/asilva/Desktop/Aulas/2020_2021/LBSD/TPs/MP/EstudoCaso/CounterBCDUpDown4.vhd ;         ;
; Bin7SegDecoder.vhd               ; yes             ; User VHDL File                     ; C:/Users/asilva/Desktop/Aulas/2020_2021/LBSD/TPs/MP/EstudoCaso/Bin7SegDecoder.vhd    ;         ;
; Parque.bdf                       ; yes             ; User Block Diagram/Schematic File  ; C:/Users/asilva/Desktop/Aulas/2020_2021/LBSD/TPs/MP/EstudoCaso/Parque.bdf            ;         ;
; Afixa.vhd                        ; yes             ; User VHDL File                     ; C:/Users/asilva/Desktop/Aulas/2020_2021/LBSD/TPs/MP/EstudoCaso/Afixa.vhd             ;         ;
; Cnt2BCD.vhd                      ; yes             ; User VHDL File                     ; C:/Users/asilva/Desktop/Aulas/2020_2021/LBSD/TPs/MP/EstudoCaso/Cnt2BCD.vhd           ;         ;
; Trata_Ent.bdf                    ; yes             ; User Block Diagram/Schematic File  ; C:/Users/asilva/Desktop/Aulas/2020_2021/LBSD/TPs/MP/EstudoCaso/Trata_Ent.bdf         ;         ;
; FF_D.vhd                         ; yes             ; User VHDL File                     ; C:/Users/asilva/Desktop/Aulas/2020_2021/LBSD/TPs/MP/EstudoCaso/FF_D.vhd              ;         ;
; Valida.bdf                       ; yes             ; User Block Diagram/Schematic File  ; C:/Users/asilva/Desktop/Aulas/2020_2021/LBSD/TPs/MP/EstudoCaso/Valida.bdf            ;         ;
; Sinaliza.bdf                     ; yes             ; User Block Diagram/Schematic File  ; C:/Users/asilva/Desktop/Aulas/2020_2021/LBSD/TPs/MP/EstudoCaso/Sinaliza.bdf          ;         ;
; Prolonga.bdf                     ; yes             ; User Block Diagram/Schematic File  ; C:/Users/asilva/Desktop/Aulas/2020_2021/LBSD/TPs/MP/EstudoCaso/Prolonga.bdf          ;         ;
; Temporiza.bdf                    ; yes             ; User Block Diagram/Schematic File  ; C:/Users/asilva/Desktop/Aulas/2020_2021/LBSD/TPs/MP/EstudoCaso/Temporiza.bdf         ;         ;
; Ocupacao.bdf                     ; yes             ; User Block Diagram/Schematic File  ; C:/Users/asilva/Desktop/Aulas/2020_2021/LBSD/TPs/MP/EstudoCaso/Ocupacao.bdf          ;         ;
; Acesso.bdf                       ; yes             ; User Block Diagram/Schematic File  ; C:/Users/asilva/Desktop/Aulas/2020_2021/LBSD/TPs/MP/EstudoCaso/Acesso.bdf            ;         ;
+----------------------------------+-----------------+------------------------------------+--------------------------------------------------------------------------------------+---------+


+--------------------------------------------------------------+
; Analysis & Synthesis Resource Usage Summary                  ;
+---------------------------------------------+----------------+
; Resource                                    ; Usage          ;
+---------------------------------------------+----------------+
; Estimated Total logic elements              ; 559            ;
;                                             ;                ;
; Total combinational functions               ; 555            ;
; Logic element usage by number of LUT inputs ;                ;
;     -- 4 input functions                    ; 180            ;
;     -- 3 input functions                    ; 63             ;
;     -- <=2 input functions                  ; 312            ;
;                                             ;                ;
; Logic elements by mode                      ;                ;
;     -- normal mode                          ; 329            ;
;     -- arithmetic mode                      ; 226            ;
;                                             ;                ;
; Total registers                             ; 256            ;
;     -- Dedicated logic registers            ; 256            ;
;     -- I/O registers                        ; 0              ;
;                                             ;                ;
; I/O pins                                    ; 36             ;
;                                             ;                ;
; Embedded Multiplier 9-bit elements          ; 0              ;
;                                             ;                ;
; Maximum fan-out node                        ; CLOCK_50~input ;
; Maximum fan-out                             ; 256            ;
; Total fan-out                               ; 2308           ;
; Average fan-out                             ; 2.61           ;
+---------------------------------------------+----------------+


+-----------------------------------------------------------------------------------------------------------------------------------------------------------------------------------------------------------------------------------------------------------------------+
; Analysis & Synthesis Resource Utilization by Entity                                                                                                                                                                                                                   ;
+---------------------------------------+---------------------+---------------------------+-------------+--------------+---------+-----------+------+--------------+-----------------------------------------------------------------+-------------------+--------------+
; Compilation Hierarchy Node            ; Combinational ALUTs ; Dedicated Logic Registers ; Memory Bits ; DSP Elements ; DSP 9x9 ; DSP 18x18 ; Pins ; Virtual Pins ; Full Hierarchy Name                                             ; Entity Name       ; Library Name ;
+---------------------------------------+---------------------+---------------------------+-------------+--------------+---------+-----------+------+--------------+-----------------------------------------------------------------+-------------------+--------------+
; |Parque                               ; 555 (0)             ; 256 (0)                   ; 0           ; 0            ; 0       ; 0         ; 36   ; 0            ; |Parque                                                         ; Parque            ; work         ;
;    |Acesso:ACESSO1|                   ; 177 (0)             ; 114 (0)                   ; 0           ; 0            ; 0       ; 0         ; 0    ; 0            ; |Parque|Acesso:ACESSO1                                          ; Acesso            ; work         ;
;       |Prolonga:PROL1|                ; 44 (0)              ; 29 (0)                    ; 0           ; 0            ; 0       ; 0         ; 0    ; 0            ; |Parque|Acesso:ACESSO1|Prolonga:PROL1                           ; Prolonga          ; work         ;
;          |FF_D:AMOSTRA_SIN|           ; 1 (1)               ; 1 (1)                     ; 0           ; 0            ; 0       ; 0         ; 0    ; 0            ; |Parque|Acesso:ACESSO1|Prolonga:PROL1|FF_D:AMOSTRA_SIN          ; FF_D              ; work         ;
;          |TimerUnit:HALF_CYCLE|       ; 43 (43)             ; 28 (28)                   ; 0           ; 0            ; 0       ; 0         ; 0    ; 0            ; |Parque|Acesso:ACESSO1|Prolonga:PROL1|TimerUnit:HALF_CYCLE      ; TimerUnit         ; work         ;
;       |Sinaliza:SIN1|                 ; 1 (1)               ; 0 (0)                     ; 0           ; 0            ; 0       ; 0         ; 0    ; 0            ; |Parque|Acesso:ACESSO1|Sinaliza:SIN1                            ; Sinaliza          ; work         ;
;       |Temporiza:TEMP1|               ; 130 (0)             ; 85 (0)                    ; 0           ; 0            ; 0       ; 0         ; 0    ; 0            ; |Parque|Acesso:ACESSO1|Temporiza:TEMP1                          ; Temporiza         ; work         ;
;          |TimerUnit:ABERTURA|         ; 41 (41)             ; 27 (27)                   ; 0           ; 0            ; 0       ; 0         ; 0    ; 0            ; |Parque|Acesso:ACESSO1|Temporiza:TEMP1|TimerUnit:ABERTURA       ; TimerUnit         ; work         ;
;          |TimerUnit:ESPERA|           ; 46 (46)             ; 30 (30)                   ; 0           ; 0            ; 0       ; 0         ; 0    ; 0            ; |Parque|Acesso:ACESSO1|Temporiza:TEMP1|TimerUnit:ESPERA         ; TimerUnit         ; work         ;
;          |TimerUnit:FECHO|            ; 43 (43)             ; 28 (28)                   ; 0           ; 0            ; 0       ; 0         ; 0    ; 0            ; |Parque|Acesso:ACESSO1|Temporiza:TEMP1|TimerUnit:FECHO          ; TimerUnit         ; work         ;
;       |Valida:VAL1|                   ; 2 (2)               ; 0 (0)                     ; 0           ; 0            ; 0       ; 0         ; 0    ; 0            ; |Parque|Acesso:ACESSO1|Valida:VAL1                              ; Valida            ; work         ;
;    |DebounceUnit:CART_DBN|            ; 65 (65)             ; 25 (25)                   ; 0           ; 0            ; 0       ; 0         ; 0    ; 0            ; |Parque|DebounceUnit:CART_DBN                                   ; DebounceUnit      ; work         ;
;    |DebounceUnit:RST_DBN|             ; 65 (65)             ; 25 (25)                   ; 0           ; 0            ; 0       ; 0         ; 0    ; 0            ; |Parque|DebounceUnit:RST_DBN                                    ; DebounceUnit      ; work         ;
;    |DebounceUnit:SIN_DBN|             ; 65 (65)             ; 25 (25)                   ; 0           ; 0            ; 0       ; 0         ; 0    ; 0            ; |Parque|DebounceUnit:SIN_DBN                                    ; DebounceUnit      ; work         ;
;    |DebounceUnit:SOUT_DBN|            ; 65 (65)             ; 25 (25)                   ; 0           ; 0            ; 0       ; 0         ; 0    ; 0            ; |Parque|DebounceUnit:SOUT_DBN                                   ; DebounceUnit      ; work         ;
;    |Freq_Divider:DIV_FREQ|            ; 57 (57)             ; 32 (32)                   ; 0           ; 0            ; 0       ; 0         ; 0    ; 0            ; |Parque|Freq_Divider:DIV_FREQ                                   ; Freq_Divider      ; work         ;
;    |Ocupacao:OCUP1|                   ; 61 (0)              ; 10 (0)                    ; 0           ; 0            ; 0       ; 0         ; 0    ; 0            ; |Parque|Ocupacao:OCUP1                                          ; Ocupacao          ; work         ;
;       |Afixa:inst|                    ; 35 (16)             ; 0 (0)                     ; 0           ; 0            ; 0       ; 0         ; 0    ; 0            ; |Parque|Ocupacao:OCUP1|Afixa:inst                               ; Afixa             ; work         ;
;          |Bin7SegDecoder:dezenas|     ; 9 (9)               ; 0 (0)                     ; 0           ; 0            ; 0       ; 0         ; 0    ; 0            ; |Parque|Ocupacao:OCUP1|Afixa:inst|Bin7SegDecoder:dezenas        ; Bin7SegDecoder    ; work         ;
;          |Bin7SegDecoder:unidades|    ; 10 (10)             ; 0 (0)                     ; 0           ; 0            ; 0       ; 0         ; 0    ; 0            ; |Parque|Ocupacao:OCUP1|Afixa:inst|Bin7SegDecoder:unidades       ; Bin7SegDecoder    ; work         ;
;       |Cnt2BCD:inst2|                 ; 22 (0)              ; 8 (0)                     ; 0           ; 0            ; 0       ; 0         ; 0    ; 0            ; |Parque|Ocupacao:OCUP1|Cnt2BCD:inst2                            ; Cnt2BCD           ; work         ;
;          |CounterBCDUpDown4:dezenas|  ; 11 (11)             ; 4 (4)                     ; 0           ; 0            ; 0       ; 0         ; 0    ; 0            ; |Parque|Ocupacao:OCUP1|Cnt2BCD:inst2|CounterBCDUpDown4:dezenas  ; CounterBCDUpDown4 ; work         ;
;          |CounterBCDUpDown4:unidades| ; 11 (11)             ; 4 (4)                     ; 0           ; 0            ; 0       ; 0         ; 0    ; 0            ; |Parque|Ocupacao:OCUP1|Cnt2BCD:inst2|CounterBCDUpDown4:unidades ; CounterBCDUpDown4 ; work         ;
;       |Trata_Ent:inst1|               ; 4 (2)               ; 2 (0)                     ; 0           ; 0            ; 0       ; 0         ; 0    ; 0            ; |Parque|Ocupacao:OCUP1|Trata_Ent:inst1                          ; Trata_Ent         ; work         ;
;          |FF_D:FFSin|                 ; 1 (1)               ; 1 (1)                     ; 0           ; 0            ; 0       ; 0         ; 0    ; 0            ; |Parque|Ocupacao:OCUP1|Trata_Ent:inst1|FF_D:FFSin               ; FF_D              ; work         ;
;          |FF_D:FFSout|                ; 1 (1)               ; 1 (1)                     ; 0           ; 0            ; 0       ; 0         ; 0    ; 0            ; |Parque|Ocupacao:OCUP1|Trata_Ent:inst1|FF_D:FFSout              ; FF_D              ; work         ;
+---------------------------------------+---------------------+---------------------------+-------------+--------------+---------+-----------+------+--------------+-----------------------------------------------------------------+-------------------+--------------+
Note: For table entries with two numbers listed, the numbers in parentheses indicate the number of resources of the given type used by the specific entity alone. The numbers listed outside of parentheses indicate the total resources of the given type used by the specific entity and all of its sub-entities in the hierarchy.


+------------------------------------------------------+
; General Register Statistics                          ;
+----------------------------------------------+-------+
; Statistic                                    ; Value ;
+----------------------------------------------+-------+
; Total registers                              ; 256   ;
; Number of registers using Synchronous Clear  ; 110   ;
; Number of registers using Synchronous Load   ; 0     ;
; Number of registers using Asynchronous Clear ; 0     ;
; Number of registers using Asynchronous Load  ; 0     ;
; Number of registers using Clock Enable       ; 105   ;
; Number of registers using Preset             ; 0     ;
+----------------------------------------------+-------+


+------------------------------------------------------------------------------+
; Inverted Register Statistics                                                 ;
+--------------------------------------------------------------------+---------+
; Inverted Register                                                  ; Fan out ;
+--------------------------------------------------------------------+---------+
; Ocupacao:OCUP1|Cnt2BCD:inst2|CounterBCDUpDown4:unidades|s_count[3] ; 14      ;
; Ocupacao:OCUP1|Cnt2BCD:inst2|CounterBCDUpDown4:unidades|s_count[0] ; 11      ;
; Ocupacao:OCUP1|Cnt2BCD:inst2|CounterBCDUpDown4:dezenas|s_count[3]  ; 12      ;
; Ocupacao:OCUP1|Cnt2BCD:inst2|CounterBCDUpDown4:dezenas|s_count[0]  ; 12      ;
; Total number of inverted registers = 4                             ;         ;
+--------------------------------------------------------------------+---------+


+------------------------------------------------------------------------------------------------------------------------------------------------------------------------------------------+
; Multiplexer Restructuring Statistics (Restructuring Performed)                                                                                                                           ;
+--------------------+-----------+---------------+----------------------+------------------------+------------+----------------------------------------------------------------------------+
; Multiplexer Inputs ; Bus Width ; Baseline Area ; Area if Restructured ; Saving if Restructured ; Registered ; Example Multiplexer Output                                                 ;
+--------------------+-----------+---------------+----------------------+------------------------+------------+----------------------------------------------------------------------------+
; 3:1                ; 26 bits   ; 52 LEs        ; 26 LEs               ; 26 LEs                 ; Yes        ; |Parque|Acesso:ACESSO1|Temporiza:TEMP1|TimerUnit:ABERTURA|s_count[20]      ;
; 3:1                ; 27 bits   ; 54 LEs        ; 27 LEs               ; 27 LEs                 ; Yes        ; |Parque|Acesso:ACESSO1|Temporiza:TEMP1|TimerUnit:FECHO|s_count[14]         ;
; 3:1                ; 29 bits   ; 58 LEs        ; 29 LEs               ; 29 LEs                 ; Yes        ; |Parque|Acesso:ACESSO1|Temporiza:TEMP1|TimerUnit:ESPERA|s_count[7]         ;
; 3:1                ; 28 bits   ; 56 LEs        ; 28 LEs               ; 28 LEs                 ; Yes        ; |Parque|Acesso:ACESSO1|Prolonga:PROL1|TimerUnit:HALF_CYCLE|s_count[6]      ;
; 4:1                ; 2 bits    ; 4 LEs         ; 2 LEs                ; 2 LEs                  ; Yes        ; |Parque|Ocupacao:OCUP1|Cnt2BCD:inst2|CounterBCDUpDown4:unidades|s_count[2] ;
; 4:1                ; 2 bits    ; 4 LEs         ; 2 LEs                ; 2 LEs                  ; Yes        ; |Parque|Ocupacao:OCUP1|Cnt2BCD:inst2|CounterBCDUpDown4:dezenas|s_count[2]  ;
; 5:1                ; 22 bits   ; 66 LEs        ; 44 LEs               ; 22 LEs                 ; Yes        ; |Parque|DebounceUnit:SOUT_DBN|s_debounceCnt[10]                            ;
; 5:1                ; 22 bits   ; 66 LEs        ; 44 LEs               ; 22 LEs                 ; Yes        ; |Parque|DebounceUnit:SIN_DBN|s_debounceCnt[10]                             ;
; 5:1                ; 22 bits   ; 66 LEs        ; 44 LEs               ; 22 LEs                 ; Yes        ; |Parque|DebounceUnit:RST_DBN|s_debounceCnt[10]                             ;
; 5:1                ; 22 bits   ; 66 LEs        ; 44 LEs               ; 22 LEs                 ; Yes        ; |Parque|DebounceUnit:CART_DBN|s_debounceCnt[10]                            ;
; 4:1                ; 2 bits    ; 4 LEs         ; 4 LEs                ; 0 LEs                  ; Yes        ; |Parque|Ocupacao:OCUP1|Cnt2BCD:inst2|CounterBCDUpDown4:unidades|s_count[0] ;
; 4:1                ; 2 bits    ; 4 LEs         ; 4 LEs                ; 0 LEs                  ; Yes        ; |Parque|Ocupacao:OCUP1|Cnt2BCD:inst2|CounterBCDUpDown4:dezenas|s_count[0]  ;
; 3:1                ; 2 bits    ; 4 LEs         ; 4 LEs                ; 0 LEs                  ; No         ; |Parque|Ocupacao:OCUP1|Afixa:inst|Bin7SegDecoder:unidades|decOut_n[5]      ;
+--------------------+-----------+---------------+----------------------+------------------------+------------+----------------------------------------------------------------------------+


+---------------------------------------------------------------------------+
; Parameter Settings for User Entity Instance: Ocupacao:OCUP1|Cnt2BCD:inst2 ;
+----------------+-------+--------------------------------------------------+
; Parameter Name ; Value ; Type                                             ;
+----------------+-------+--------------------------------------------------+
; cap_dez        ; 9     ; Signed Integer                                   ;
; cap_uni        ; 9     ; Signed Integer                                   ;
+----------------+-------+--------------------------------------------------+
Note: In order to hide this table in the UI and the text report file, please set the "Show Parameter Settings in Synthesis Report" option in "Analysis and Synthesis Settings -> More Settings" to "Off".


+------------------------------------------------------------------------------------------------------+
; Parameter Settings for User Entity Instance: Ocupacao:OCUP1|Cnt2BCD:inst2|CounterBCDUpDown4:unidades ;
+----------------+-------+-----------------------------------------------------------------------------+
; Parameter Name ; Value ; Type                                                                        ;
+----------------+-------+-----------------------------------------------------------------------------+
; val_reset      ; 9     ; Signed Integer                                                              ;
+----------------+-------+-----------------------------------------------------------------------------+
Note: In order to hide this table in the UI and the text report file, please set the "Show Parameter Settings in Synthesis Report" option in "Analysis and Synthesis Settings -> More Settings" to "Off".


+-----------------------------------------------------------------------------------------------------+
; Parameter Settings for User Entity Instance: Ocupacao:OCUP1|Cnt2BCD:inst2|CounterBCDUpDown4:dezenas ;
+----------------+-------+----------------------------------------------------------------------------+
; Parameter Name ; Value ; Type                                                                       ;
+----------------+-------+----------------------------------------------------------------------------+
; val_reset      ; 9     ; Signed Integer                                                             ;
+----------------+-------+----------------------------------------------------------------------------+
Note: In order to hide this table in the UI and the text report file, please set the "Show Parameter Settings in Synthesis Report" option in "Analysis and Synthesis Settings -> More Settings" to "Off".


+--------------------------------------------------------------------+
; Parameter Settings for User Entity Instance: Freq_Divider:DIV_FREQ ;
+----------------+----------+----------------------------------------+
; Parameter Name ; Value    ; Type                                   ;
+----------------+----------+----------------------------------------+
; k              ; 25000000 ; Unsigned Integer                       ;
+----------------+----------+----------------------------------------+
Note: In order to hide this table in the UI and the text report file, please set the "Show Parameter Settings in Synthesis Report" option in "Analysis and Synthesis Settings -> More Settings" to "Off".


+-------------------------------------------------------------------+
; Parameter Settings for User Entity Instance: DebounceUnit:SIN_DBN ;
+----------------+-------+------------------------------------------+
; Parameter Name ; Value ; Type                                     ;
+----------------+-------+------------------------------------------+
; khzclkfreq     ; 50000 ; Signed Integer                           ;
; msecmininwidth ; 50    ; Signed Integer                           ;
; inpolarity     ; '0'   ; Enumerated                               ;
; outpolarity    ; '1'   ; Enumerated                               ;
+----------------+-------+------------------------------------------+
Note: In order to hide this table in the UI and the text report file, please set the "Show Parameter Settings in Synthesis Report" option in "Analysis and Synthesis Settings -> More Settings" to "Off".


+--------------------------------------------------------------------+
; Parameter Settings for User Entity Instance: DebounceUnit:SOUT_DBN ;
+----------------+-------+-------------------------------------------+
; Parameter Name ; Value ; Type                                      ;
+----------------+-------+-------------------------------------------+
; khzclkfreq     ; 50000 ; Signed Integer                            ;
; msecmininwidth ; 50    ; Signed Integer                            ;
; inpolarity     ; '0'   ; Enumerated                                ;
; outpolarity    ; '1'   ; Enumerated                                ;
+----------------+-------+-------------------------------------------+
Note: In order to hide this table in the UI and the text report file, please set the "Show Parameter Settings in Synthesis Report" option in "Analysis and Synthesis Settings -> More Settings" to "Off".


+-------------------------------------------------------------------+
; Parameter Settings for User Entity Instance: DebounceUnit:RST_DBN ;
+----------------+-------+------------------------------------------+
; Parameter Name ; Value ; Type                                     ;
+----------------+-------+------------------------------------------+
; khzclkfreq     ; 50000 ; Signed Integer                           ;
; msecmininwidth ; 50    ; Signed Integer                           ;
; inpolarity     ; '0'   ; Enumerated                               ;
; outpolarity    ; '1'   ; Enumerated                               ;
+----------------+-------+------------------------------------------+
Note: In order to hide this table in the UI and the text report file, please set the "Show Parameter Settings in Synthesis Report" option in "Analysis and Synthesis Settings -> More Settings" to "Off".


+------------------------------------------------------------------------------------------------+
; Parameter Settings for User Entity Instance: Acesso:ACESSO1|Temporiza:TEMP1|TimerUnit:ABERTURA ;
+----------------+-------+-----------------------------------------------------------------------+
; Parameter Name ; Value ; Type                                                                  ;
+----------------+-------+-----------------------------------------------------------------------+
; khzclkfreq     ; 50000 ; Signed Integer                                                        ;
; mseclength     ; 1000  ; Signed Integer                                                        ;
; outpolarity    ; '1'   ; Enumerated                                                            ;
+----------------+-------+-----------------------------------------------------------------------+
Note: In order to hide this table in the UI and the text report file, please set the "Show Parameter Settings in Synthesis Report" option in "Analysis and Synthesis Settings -> More Settings" to "Off".


+---------------------------------------------------------------------------------------------+
; Parameter Settings for User Entity Instance: Acesso:ACESSO1|Temporiza:TEMP1|TimerUnit:FECHO ;
+----------------+-------+--------------------------------------------------------------------+
; Parameter Name ; Value ; Type                                                               ;
+----------------+-------+--------------------------------------------------------------------+
; khzclkfreq     ; 50000 ; Signed Integer                                                     ;
; mseclength     ; 2000  ; Signed Integer                                                     ;
; outpolarity    ; '1'   ; Enumerated                                                         ;
+----------------+-------+--------------------------------------------------------------------+
Note: In order to hide this table in the UI and the text report file, please set the "Show Parameter Settings in Synthesis Report" option in "Analysis and Synthesis Settings -> More Settings" to "Off".


+----------------------------------------------------------------------------------------------+
; Parameter Settings for User Entity Instance: Acesso:ACESSO1|Temporiza:TEMP1|TimerUnit:ESPERA ;
+----------------+-------+---------------------------------------------------------------------+
; Parameter Name ; Value ; Type                                                                ;
+----------------+-------+---------------------------------------------------------------------+
; khzclkfreq     ; 50000 ; Signed Integer                                                      ;
; mseclength     ; 7000  ; Signed Integer                                                      ;
; outpolarity    ; '1'   ; Enumerated                                                          ;
+----------------+-------+---------------------------------------------------------------------+
Note: In order to hide this table in the UI and the text report file, please set the "Show Parameter Settings in Synthesis Report" option in "Analysis and Synthesis Settings -> More Settings" to "Off".


+-------------------------------------------------------------------------------------------------+
; Parameter Settings for User Entity Instance: Acesso:ACESSO1|Prolonga:PROL1|TimerUnit:HALF_CYCLE ;
+----------------+-------+------------------------------------------------------------------------+
; Parameter Name ; Value ; Type                                                                   ;
+----------------+-------+------------------------------------------------------------------------+
; khzclkfreq     ; 50000 ; Unsigned Integer                                                       ;
; mseclength     ; 5000  ; Unsigned Integer                                                       ;
; outpolarity    ; '1'   ; Enumerated                                                             ;
+----------------+-------+------------------------------------------------------------------------+
Note: In order to hide this table in the UI and the text report file, please set the "Show Parameter Settings in Synthesis Report" option in "Analysis and Synthesis Settings -> More Settings" to "Off".


+--------------------------------------------------------------------+
; Parameter Settings for User Entity Instance: DebounceUnit:CART_DBN ;
+----------------+-------+-------------------------------------------+
; Parameter Name ; Value ; Type                                      ;
+----------------+-------+-------------------------------------------+
; khzclkfreq     ; 50000 ; Signed Integer                            ;
; msecmininwidth ; 50    ; Signed Integer                            ;
; inpolarity     ; '0'   ; Enumerated                                ;
; outpolarity    ; '1'   ; Enumerated                                ;
+----------------+-------+-------------------------------------------+
Note: In order to hide this table in the UI and the text report file, please set the "Show Parameter Settings in Synthesis Report" option in "Analysis and Synthesis Settings -> More Settings" to "Off".


+-----------------------------------------------------------------------------------------------------------------+
; Port Connectivity Checks: "Ocupacao:OCUP1|Cnt2BCD:inst2|CounterBCDUpDown4:dezenas"                              ;
+-------+--------+----------+-------------------------------------------------------------------------------------+
; Port  ; Type   ; Severity ; Details                                                                             ;
+-------+--------+----------+-------------------------------------------------------------------------------------+
; carry ; Output ; Info     ; Connected to dangling logic. Logic that only feeds a dangling port will be removed. ;
+-------+--------+----------+-------------------------------------------------------------------------------------+


+-----------------------------------------------------+
; Post-Synthesis Netlist Statistics for Top Partition ;
+-----------------------+-----------------------------+
; Type                  ; Count                       ;
+-----------------------+-----------------------------+
; boundary_port         ; 36                          ;
; cycloneiii_ff         ; 256                         ;
;     ENA               ; 76                          ;
;     ENA SCLR          ; 29                          ;
;     SCLR              ; 81                          ;
;     plain             ; 70                          ;
; cycloneiii_lcell_comb ; 556                         ;
;     arith             ; 226                         ;
;         2 data inputs ; 222                         ;
;         3 data inputs ; 4                           ;
;     normal            ; 330                         ;
;         0 data inputs ; 1                           ;
;         1 data inputs ; 14                          ;
;         2 data inputs ; 76                          ;
;         3 data inputs ; 59                          ;
;         4 data inputs ; 180                         ;
;                       ;                             ;
; Max LUT depth         ; 7.00                        ;
; Average LUT depth     ; 4.04                        ;
+-----------------------+-----------------------------+


+-------------------------------+
; Elapsed Time Per Partition    ;
+----------------+--------------+
; Partition Name ; Elapsed Time ;
+----------------+--------------+
; Top            ; 00:00:04     ;
+----------------+--------------+


+-------------------------------+
; Analysis & Synthesis Messages ;
+-------------------------------+
Info: *******************************************************************
Info: Running Quartus Prime Analysis & Synthesis
    Info: Version 17.1.0 Build 590 10/25/2017 SJ Lite Edition
    Info: Processing started: Mon Apr 26 16:19:24 2021
Info: Command: quartus_map --read_settings_files=on --write_settings_files=off Parque -c Parque
Warning (18236): Number of processors has not been specified which may cause overloading on shared machines.  Set the global assignment NUM_PARALLEL_PROCESSORS in your QSF to an appropriate value for best performance.
Info (20030): Parallel compilation is enabled and will use 2 of the 2 processors detected
Info (12021): Found 2 design units, including 1 entities, in source file timerunit.vhd
    Info (12022): Found design unit 1: TimerUnit-Behavioral File: C:/Users/asilva/Desktop/Aulas/2020_2021/LBSD/TPs/MP/EstudoCaso/TimerUnit.vhd Line: 18
    Info (12023): Found entity 1: TimerUnit File: C:/Users/asilva/Desktop/Aulas/2020_2021/LBSD/TPs/MP/EstudoCaso/TimerUnit.vhd Line: 6
Info (12021): Found 2 design units, including 1 entities, in source file freq_divider.vhd
    Info (12022): Found design unit 1: Freq_Divider-Behavioral File: C:/Users/asilva/Desktop/Aulas/2020_2021/LBSD/TPs/MP/EstudoCaso/Freq_Divider.vhd Line: 11
    Info (12023): Found entity 1: Freq_Divider File: C:/Users/asilva/Desktop/Aulas/2020_2021/LBSD/TPs/MP/EstudoCaso/Freq_Divider.vhd Line: 5
Info (12021): Found 2 design units, including 1 entities, in source file debounceunit.vhd
    Info (12022): Found design unit 1: DebounceUnit-Behavioral File: C:/Users/asilva/Desktop/Aulas/2020_2021/LBSD/TPs/MP/EstudoCaso/DebounceUnit.vhd Line: 18
    Info (12023): Found entity 1: DebounceUnit File: C:/Users/asilva/Desktop/Aulas/2020_2021/LBSD/TPs/MP/EstudoCaso/DebounceUnit.vhd Line: 7
Info (12021): Found 2 design units, including 1 entities, in source file counterbcdupdown4.vhd
    Info (12022): Found design unit 1: CounterBCDUpDown4-Behavioral File: C:/Users/asilva/Desktop/Aulas/2020_2021/LBSD/TPs/MP/EstudoCaso/CounterBCDUpDown4.vhd Line: 16
    Info (12023): Found entity 1: CounterBCDUpDown4 File: C:/Users/asilva/Desktop/Aulas/2020_2021/LBSD/TPs/MP/EstudoCaso/CounterBCDUpDown4.vhd Line: 5
Info (12021): Found 2 design units, including 1 entities, in source file bin7segdecoder.vhd
    Info (12022): Found design unit 1: Bin7SegDecoder-Behavioral File: C:/Users/asilva/Desktop/Aulas/2020_2021/LBSD/TPs/MP/EstudoCaso/Bin7SegDecoder.vhd Line: 9
    Info (12023): Found entity 1: Bin7SegDecoder File: C:/Users/asilva/Desktop/Aulas/2020_2021/LBSD/TPs/MP/EstudoCaso/Bin7SegDecoder.vhd Line: 4
Info (12021): Found 1 design units, including 1 entities, in source file parque.bdf
    Info (12023): Found entity 1: Parque
Info (12021): Found 2 design units, including 1 entities, in source file afixa.vhd
    Info (12022): Found design unit 1: Afixa-Structural File: C:/Users/asilva/Desktop/Aulas/2020_2021/LBSD/TPs/MP/EstudoCaso/Afixa.vhd Line: 15
    Info (12023): Found entity 1: Afixa File: C:/Users/asilva/Desktop/Aulas/2020_2021/LBSD/TPs/MP/EstudoCaso/Afixa.vhd Line: 4
Info (12021): Found 2 design units, including 1 entities, in source file cnt2bcd.vhd
    Info (12022): Found design unit 1: Cnt2BCD-Structural File: C:/Users/asilva/Desktop/Aulas/2020_2021/LBSD/TPs/MP/EstudoCaso/Cnt2BCD.vhd Line: 16
    Info (12023): Found entity 1: Cnt2BCD File: C:/Users/asilva/Desktop/Aulas/2020_2021/LBSD/TPs/MP/EstudoCaso/Cnt2BCD.vhd Line: 6
Info (12021): Found 1 design units, including 1 entities, in source file trata_ent.bdf
    Info (12023): Found entity 1: Trata_Ent
Info (12021): Found 2 design units, including 1 entities, in source file ff_d.vhd
    Info (12022): Found design unit 1: FF_D-Behavioral File: C:/Users/asilva/Desktop/Aulas/2020_2021/LBSD/TPs/MP/EstudoCaso/FF_D.vhd Line: 12
    Info (12023): Found entity 1: FF_D File: C:/Users/asilva/Desktop/Aulas/2020_2021/LBSD/TPs/MP/EstudoCaso/FF_D.vhd Line: 4
Info (12021): Found 1 design units, including 1 entities, in source file valida.bdf
    Info (12023): Found entity 1: Valida
Info (12021): Found 1 design units, including 1 entities, in source file sinaliza.bdf
    Info (12023): Found entity 1: Sinaliza
Info (12021): Found 1 design units, including 1 entities, in source file prolonga.bdf
    Info (12023): Found entity 1: Prolonga
Info (12021): Found 1 design units, including 1 entities, in source file temporiza.bdf
    Info (12023): Found entity 1: Temporiza
Info (12021): Found 1 design units, including 1 entities, in source file ocupacao.bdf
    Info (12023): Found entity 1: Ocupacao
Info (12021): Found 1 design units, including 1 entities, in source file acesso.bdf
    Info (12023): Found entity 1: Acesso
Info (12127): Elaborating entity "Parque" for the top level hierarchy
Info (12128): Elaborating entity "Ocupacao" for hierarchy "Ocupacao:OCUP1"
Info (12128): Elaborating entity "Afixa" for hierarchy "Ocupacao:OCUP1|Afixa:inst"
Info (12129): Elaborating entity "Bin7SegDecoder" using architecture "A:behavioral" for hierarchy "Ocupacao:OCUP1|Afixa:inst|Bin7SegDecoder:unidades" File: C:/Users/asilva/Desktop/Aulas/2020_2021/LBSD/TPs/MP/EstudoCaso/Afixa.vhd Line: 25
Info (12128): Elaborating entity "Cnt2BCD" for hierarchy "Ocupacao:OCUP1|Cnt2BCD:inst2"
Info (12129): Elaborating entity "CounterBCDUpDown4" using architecture "A:behavioral" for hierarchy "Ocupacao:OCUP1|Cnt2BCD:inst2|CounterBCDUpDown4:unidades" File: C:/Users/asilva/Desktop/Aulas/2020_2021/LBSD/TPs/MP/EstudoCaso/Cnt2BCD.vhd Line: 22
Warning (10540): VHDL Signal Declaration warning at CounterBCDUpDown4.vhd(18): used explicit default value for signal "s_inicial" because signal was never assigned a value File: C:/Users/asilva/Desktop/Aulas/2020_2021/LBSD/TPs/MP/EstudoCaso/CounterBCDUpDown4.vhd Line: 18
Info (12128): Elaborating entity "Trata_Ent" for hierarchy "Ocupacao:OCUP1|Trata_Ent:inst1"
Info (12128): Elaborating entity "FF_D" for hierarchy "Ocupacao:OCUP1|Trata_Ent:inst1|FF_D:FFSout"
Info (12128): Elaborating entity "Freq_Divider" for hierarchy "Freq_Divider:DIV_FREQ"
Info (12128): Elaborating entity "DebounceUnit" for hierarchy "DebounceUnit:SIN_DBN"
Info (12128): Elaborating entity "Acesso" for hierarchy "Acesso:ACESSO1"
Info (12128): Elaborating entity "Temporiza" for hierarchy "Acesso:ACESSO1|Temporiza:TEMP1"
Info (12128): Elaborating entity "TimerUnit" for hierarchy "Acesso:ACESSO1|Temporiza:TEMP1|TimerUnit:ABERTURA"
Info (12128): Elaborating entity "TimerUnit" for hierarchy "Acesso:ACESSO1|Temporiza:TEMP1|TimerUnit:FECHO"
Info (12128): Elaborating entity "TimerUnit" for hierarchy "Acesso:ACESSO1|Temporiza:TEMP1|TimerUnit:ESPERA"
Info (12128): Elaborating entity "Valida" for hierarchy "Acesso:ACESSO1|Valida:VAL1"
Info (12128): Elaborating entity "Prolonga" for hierarchy "Acesso:ACESSO1|Prolonga:PROL1"
Info (12128): Elaborating entity "TimerUnit" for hierarchy "Acesso:ACESSO1|Prolonga:PROL1|TimerUnit:HALF_CYCLE"
Info (12128): Elaborating entity "Sinaliza" for hierarchy "Acesso:ACESSO1|Sinaliza:SIN1"
Warning (13024): Output pins are stuck at VCC or GND
    Warning (13410): Pin "HEX2[6]" is stuck at VCC
    Warning (13410): Pin "HEX2[0]" is stuck at VCC
    Warning (13410): Pin "HEX3[3]" is stuck at VCC
    Warning (13410): Pin "HEX3[2]" is stuck at VCC
    Warning (13410): Pin "HEX3[1]" is stuck at VCC
Info (286030): Timing-Driven Synthesis is running
Info (16010): Generating hard_block partition "hard_block:auto_generated_inst"
    Info (16011): Adding 0 node(s), including 0 DDIO, 0 PLL, 0 transceiver and 0 LCELL
Info (21057): Implemented 595 device resources after synthesis - the final resource count might be different
    Info (21058): Implemented 5 input pins
    Info (21059): Implemented 31 output pins
    Info (21061): Implemented 559 logic cells
Info: Quartus Prime Analysis & Synthesis was successful. 0 errors, 8 warnings
    Info: Peak virtual memory: 4810 megabytes
    Info: Processing ended: Mon Apr 26 16:20:04 2021
    Info: Elapsed time: 00:00:40
    Info: Total CPU time (on all processors): 00:00:56


